<?xml version="1.0" encoding="UTF-8"?>
<!-- Generated by org.testng.reporters.JUnitReportReporter -->
<testsuite hostname="LAPTOP-RGJ7BN2T" failures="0" tests="5" name="testCasesV1.TC_LoginTest3" time="59.710" errors="0" timestamp="14 Nov 2020 02:09:43 GMT" skipped="0">
  <testcase classname="testCasesV1.TC_LoginTest3" name="loginDDT" time="15.446"/>
  <testcase classname="testCasesV1.TC_LoginTest3" name="loginDDT" time="11.635"/>
  <testcase classname="testCasesV1.TC_LoginTest3" name="loginDDT" time="11.509"/>
  <testcase classname="testCasesV1.TC_LoginTest3" name="loginDDT" time="10.293"/>
  <testcase classname="testCasesV1.TC_LoginTest3" name="loginDDT" time="10.827"/>
</testsuite> <!-- testCasesV1.TC_LoginTest3 -->
